Build started 2025/7/20 21:17:25.
     1>Project "D:\paidone\todesk\主插件\差异屏幕\差异屏幕\差异屏幕.vcxproj" on node 3 (build target(s)).
     1>InitializeBuildStatus:
         Creating "Debug\差异屏幕.unsuccessfulbuild" because "AlwaysCreate" was specified.
       ClCompile:
         C:\Program Files (x86)\Microsoft Visual Studio 10.0\VC\bin\CL.exe /c /I..\..\HPSocket\ /ZI /nologo /W3 /WX- /Od /Oy- /D WIN32 /D _DEBUG /D _CONSOLE /D _WINDLL /D _UNICODE /D UNICODE /Gm /EHsc /RTC1 /MTd /GS /fp:precise /Zc:wchar_t /Zc:forScope /Fo"Debug\\" /Fd"Debug\vc100.pdb" /Gd /TP /analyze- /errorReport:prompt ..\..\HPSocket\Buffer.cpp ..\..\HPSocket\BufferPool.cpp ..\..\HPSocket\ikcp.cpp ..\..\HPSocket\Manager.cpp ..\..\HPSocket\RWLock.cpp ..\..\HPSocket\SocketHelper.cpp ..\..\HPSocket\stdafx.cpp ..\..\HPSocket\TcpSocket.cpp ..\..\HPSocket\UdpSocket.cpp ..\..\HPSocket\WaitFor.cpp ScreenDifManager.cpp "差异屏幕.cpp" ScreenSpy.cpp
         ScreenSpy.cpp
         差异屏幕.cpp
         ScreenDifManager.cpp
         WaitFor.cpp
         UdpSocket.cpp
         TcpSocket.cpp
         stdafx.cpp
         SocketHelper.cpp
         RWLock.cpp
         Manager.cpp
         ikcp.cpp
         BufferPool.cpp
         Buffer.cpp
         Generating Code...
       ManifestResourceCompile:
         C:\Program Files (x86)\Microsoft SDKs\Windows\v7.0A\bin\rc.exe /nologo /fo"Debug\差异屏幕.dll.embed.manifest.res" "Debug\差异屏幕_manifest.rc" 
       Link:
         C:\Program Files (x86)\Microsoft Visual Studio 10.0\VC\bin\link.exe /ERRORREPORT:PROMPT /OUT:"D:\paidone\todesk\主插件\Debug\差异屏幕.dll" /INCREMENTAL /NOLOGO kernel32.lib user32.lib gdi32.lib winspool.lib comdlg32.lib advapi32.lib shell32.lib ole32.lib oleaut32.lib uuid.lib odbc32.lib odbccp32.lib /MANIFEST /ManifestFile:"Debug\差异屏幕.dll.intermediate.manifest" /MANIFESTUAC:"level='asInvoker' uiAccess='false'" /DEBUG /PDB:"D:\paidone\todesk\主插件\Debug\差异屏幕.pdb" /SUBSYSTEM:WINDOWS /TLBID:1 /DYNAMICBASE /NXCOMPAT /IMPLIB:"D:\paidone\todesk\主插件\Debug\差异屏幕.lib" /MACHINE:X86 /DLL "Debug\差异屏幕.dll.embed.manifest.res"
         Debug\Buffer.obj
         Debug\BufferPool.obj
         Debug\ikcp.obj
         Debug\Manager.obj
         Debug\RWLock.obj
         Debug\SocketHelper.obj
         Debug\stdafx.obj
         Debug\TcpSocket.obj
         Debug\UdpSocket.obj
         Debug\WaitFor.obj
         Debug\ScreenDifManager.obj
         "Debug\差异屏幕.obj"
         Debug\ScreenSpy.obj
            Creating library D:\paidone\todesk\主插件\Debug\差异屏幕.lib and object D:\paidone\todesk\主插件\Debug\差异屏幕.exp
     1>LINK : warning LNK4232: name 差异屏幕.dll contains non-ASCII characters, DLL may not load on system with ANSI codepage other than 936
       Manifest:
         C:\Program Files (x86)\Microsoft SDKs\Windows\v7.0A\bin\mt.exe /nologo /verbose /out:"Debug\差异屏幕.dll.embed.manifest" /manifest "Debug\差异屏幕.dll.intermediate.manifest"
         C:\Program Files (x86)\Microsoft SDKs\Windows\v7.0A\bin\rc.exe /nologo /fo"Debug\差异屏幕.dll.embed.manifest.res" "Debug\差异屏幕_manifest.rc" 
       LinkEmbedManifest:
         C:\Program Files (x86)\Microsoft Visual Studio 10.0\VC\bin\link.exe /ERRORREPORT:PROMPT /OUT:"D:\paidone\todesk\主插件\Debug\差异屏幕.dll" /INCREMENTAL /NOLOGO kernel32.lib user32.lib gdi32.lib winspool.lib comdlg32.lib advapi32.lib shell32.lib ole32.lib oleaut32.lib uuid.lib odbc32.lib odbccp32.lib /MANIFEST /ManifestFile:"Debug\差异屏幕.dll.intermediate.manifest" /MANIFESTUAC:"level='asInvoker' uiAccess='false'" /DEBUG /PDB:"D:\paidone\todesk\主插件\Debug\差异屏幕.pdb" /SUBSYSTEM:WINDOWS /TLBID:1 /DYNAMICBASE /NXCOMPAT /IMPLIB:"D:\paidone\todesk\主插件\Debug\差异屏幕.lib" /MACHINE:X86 /DLL "Debug\差异屏幕.dll.embed.manifest.res"
         Debug\Buffer.obj
         Debug\BufferPool.obj
         Debug\ikcp.obj
         Debug\Manager.obj
         Debug\RWLock.obj
         Debug\SocketHelper.obj
         Debug\stdafx.obj
         Debug\TcpSocket.obj
         Debug\UdpSocket.obj
         Debug\WaitFor.obj
         Debug\ScreenDifManager.obj
         "Debug\差异屏幕.obj"
         Debug\ScreenSpy.obj
            Creating library D:\paidone\todesk\主插件\Debug\差异屏幕.lib and object D:\paidone\todesk\主插件\Debug\差异屏幕.exp
     1>LINK : warning LNK4232: name 差异屏幕.dll contains non-ASCII characters, DLL may not load on system with ANSI codepage other than 936
         差异屏幕.vcxproj -> D:\paidone\todesk\主插件\Debug\差异屏幕.dll
       FinalizeBuildStatus:
         Deleting file "Debug\差异屏幕.unsuccessfulbuild".
         Touching "Debug\差异屏幕.lastbuildstate".
     1>Done Building Project "D:\paidone\todesk\主插件\差异屏幕\差异屏幕\差异屏幕.vcxproj" (build target(s)).

Build succeeded.

Time Elapsed 00:01:24.87
