Build started 2025/7/20 21:17:25.
     1>Project "D:\paidone\todesk\主插件\远程交谈\远程交谈\远程交谈.vcxproj" on node 4 (build target(s)).
     1>InitializeBuildStatus:
         Touching "Debug\远程交谈.unsuccessfulbuild".
       ClCompile:
         C:\Program Files (x86)\Microsoft Visual Studio 10.0\VC\bin\CL.exe /c /I..\..\HPSocket\ /ZI /nologo /W3 /WX- /Od /Oy- /D WIN32 /D _DEBUG /D _CONSOLE /D _WINDLL /D _UNICODE /D UNICODE /Gm /EHsc /RTC1 /MTd /GS /fp:precise /Zc:wchar_t /Zc:forScope /Fo"Debug\\" /Fd"Debug\vc100.pdb" /Gd /TP /analyze- /errorReport:prompt ..\..\HPSocket\Buffer.cpp ..\..\HPSocket\BufferPool.cpp ..\..\HPSocket\ikcp.cpp ..\..\HPSocket\Manager.cpp ..\..\HPSocket\RWLock.cpp ..\..\HPSocket\SocketHelper.cpp ..\..\HPSocket\stdafx.cpp ..\..\HPSocket\SysHelper.cpp ..\..\HPSocket\TcpSocket.cpp ..\..\HPSocket\UdpSocket.cpp ..\..\HPSocket\WaitFor.cpp ChatManager.cpp "远程交谈.cpp"
         远程交谈.cpp
         ChatManager.cpp
         WaitFor.cpp
         UdpSocket.cpp
         TcpSocket.cpp
         SysHelper.cpp
         stdafx.cpp
         SocketHelper.cpp
         RWLock.cpp
         Manager.cpp
         ikcp.cpp
         BufferPool.cpp
         Buffer.cpp
         Generating Code...
       ManifestResourceCompile:
         C:\Program Files (x86)\Microsoft SDKs\Windows\v7.0A\bin\rc.exe /nologo /fo"Debug\远程交谈.dll.embed.manifest.res" "Debug\远程交谈_manifest.rc" 
       Link:
         C:\Program Files (x86)\Microsoft Visual Studio 10.0\VC\bin\link.exe /ERRORREPORT:PROMPT /OUT:"D:\paidone\todesk\主插件\Debug\远程交谈.dll" /INCREMENTAL /NOLOGO kernel32.lib user32.lib gdi32.lib winspool.lib comdlg32.lib advapi32.lib shell32.lib ole32.lib oleaut32.lib uuid.lib odbc32.lib odbccp32.lib /MANIFEST /ManifestFile:"Debug\远程交谈.dll.intermediate.manifest" /MANIFESTUAC:"level='asInvoker' uiAccess='false'" /DEBUG /PDB:"D:\paidone\todesk\主插件\Debug\远程交谈.pdb" /SUBSYSTEM:WINDOWS /TLBID:1 /DYNAMICBASE /NXCOMPAT /IMPLIB:"D:\paidone\todesk\主插件\Debug\远程交谈.lib" /MACHINE:X86 /DLL "Debug\远程交谈.dll.embed.manifest.res"
         Debug\Buffer.obj
         Debug\BufferPool.obj
         Debug\ikcp.obj
         Debug\Manager.obj
         Debug\RWLock.obj
         Debug\SocketHelper.obj
         Debug\stdafx.obj
         Debug\SysHelper.obj
         Debug\TcpSocket.obj
         Debug\UdpSocket.obj
         Debug\WaitFor.obj
         Debug\ChatManager.obj
         "Debug\远程交谈.obj"
            Creating library D:\paidone\todesk\主插件\Debug\远程交谈.lib and object D:\paidone\todesk\主插件\Debug\远程交谈.exp
     1>LINK : warning LNK4232: name 远程交谈.dll contains non-ASCII characters, DLL may not load on system with ANSI codepage other than 936
       Manifest:
         C:\Program Files (x86)\Microsoft SDKs\Windows\v7.0A\bin\mt.exe /nologo /verbose /out:"Debug\远程交谈.dll.embed.manifest" /manifest "Debug\远程交谈.dll.intermediate.manifest"
         C:\Program Files (x86)\Microsoft SDKs\Windows\v7.0A\bin\rc.exe /nologo /fo"Debug\远程交谈.dll.embed.manifest.res" "Debug\远程交谈_manifest.rc" 
       LinkEmbedManifest:
         C:\Program Files (x86)\Microsoft Visual Studio 10.0\VC\bin\link.exe /ERRORREPORT:PROMPT /OUT:"D:\paidone\todesk\主插件\Debug\远程交谈.dll" /INCREMENTAL /NOLOGO kernel32.lib user32.lib gdi32.lib winspool.lib comdlg32.lib advapi32.lib shell32.lib ole32.lib oleaut32.lib uuid.lib odbc32.lib odbccp32.lib /MANIFEST /ManifestFile:"Debug\远程交谈.dll.intermediate.manifest" /MANIFESTUAC:"level='asInvoker' uiAccess='false'" /DEBUG /PDB:"D:\paidone\todesk\主插件\Debug\远程交谈.pdb" /SUBSYSTEM:WINDOWS /TLBID:1 /DYNAMICBASE /NXCOMPAT /IMPLIB:"D:\paidone\todesk\主插件\Debug\远程交谈.lib" /MACHINE:X86 /DLL "Debug\远程交谈.dll.embed.manifest.res"
         Debug\Buffer.obj
         Debug\BufferPool.obj
         Debug\ikcp.obj
         Debug\Manager.obj
         Debug\RWLock.obj
         Debug\SocketHelper.obj
         Debug\stdafx.obj
         Debug\SysHelper.obj
         Debug\TcpSocket.obj
         Debug\UdpSocket.obj
         Debug\WaitFor.obj
         Debug\ChatManager.obj
         "Debug\远程交谈.obj"
            Creating library D:\paidone\todesk\主插件\Debug\远程交谈.lib and object D:\paidone\todesk\主插件\Debug\远程交谈.exp
     1>LINK : warning LNK4232: name 远程交谈.dll contains non-ASCII characters, DLL may not load on system with ANSI codepage other than 936
         远程交谈.vcxproj -> D:\paidone\todesk\主插件\Debug\远程交谈.dll
       FinalizeBuildStatus:
         Deleting file "Debug\远程交谈.unsuccessfulbuild".
         Touching "Debug\远程交谈.lastbuildstate".
     1>Done Building Project "D:\paidone\todesk\主插件\远程交谈\远程交谈\远程交谈.vcxproj" (build target(s)).

Build succeeded.

Time Elapsed 00:01:14.36
