Build started 2025/7/20 21:17:25.
     1>Project "D:\paidone\todesk\主插件\后台屏幕\后台屏幕\后台屏幕.vcxproj" on node 5 (build target(s)).
     1>InitializeBuildStatus:
         Touching "Debug\后台屏幕.unsuccessfulbuild".
       ClCompile:
         C:\Program Files (x86)\Microsoft Visual Studio 10.0\VC\bin\CL.exe /c /I..\..\HPSocket\ /ZI /nologo /W3 /WX- /Od /Oy- /D WIN32 /D _DEBUG /D _CONSOLE /D _WINDLL /D _UNICODE /D UNICODE /Gm /EHsc /RTC1 /MTd /GS /fp:precise /Zc:wchar_t /Zc:forScope /Fo"Debug\\" /Fd"Debug\vc100.pdb" /Gd /TP /analyze- /errorReport:prompt ..\..\HPSocket\Buffer.cpp ..\..\HPSocket\BufferPool.cpp ..\..\HPSocket\ikcp.cpp ..\..\HPSocket\Manager.cpp ..\..\HPSocket\RWLock.cpp ..\..\HPSocket\SocketHelper.cpp ..\..\HPSocket\stdafx.cpp ..\..\HPSocket\SysHelper.cpp ..\..\HPSocket\TcpSocket.cpp ..\..\HPSocket\UdpSocket.cpp ..\..\HPSocket\WaitFor.cpp ScreenHideManager.cpp "后台屏幕.cpp" ScreenSpy.cpp
         ScreenSpy.cpp
         后台屏幕.cpp
         ScreenHideManager.cpp
         WaitFor.cpp
         UdpSocket.cpp
         TcpSocket.cpp
         SysHelper.cpp
         stdafx.cpp
         SocketHelper.cpp
         RWLock.cpp
         Manager.cpp
         ikcp.cpp
         BufferPool.cpp
         Buffer.cpp
         Generating Code...
       ManifestResourceCompile:
         C:\Program Files (x86)\Microsoft SDKs\Windows\v7.0A\bin\rc.exe /nologo /fo"Debug\后台屏幕.dll.embed.manifest.res" "Debug\后台屏幕_manifest.rc" 
       Link:
         C:\Program Files (x86)\Microsoft Visual Studio 10.0\VC\bin\link.exe /ERRORREPORT:PROMPT /OUT:"D:\paidone\todesk\主插件\Debug\后台屏幕.dll" /INCREMENTAL /NOLOGO kernel32.lib user32.lib gdi32.lib winspool.lib comdlg32.lib advapi32.lib shell32.lib ole32.lib oleaut32.lib uuid.lib odbc32.lib odbccp32.lib /MANIFEST /ManifestFile:"Debug\后台屏幕.dll.intermediate.manifest" /MANIFESTUAC:"level='asInvoker' uiAccess='false'" /DEBUG /PDB:"D:\paidone\todesk\主插件\Debug\后台屏幕.pdb" /SUBSYSTEM:WINDOWS /TLBID:1 /DYNAMICBASE /NXCOMPAT /IMPLIB:"D:\paidone\todesk\主插件\Debug\后台屏幕.lib" /MACHINE:X86 /DLL "Debug\后台屏幕.dll.embed.manifest.res"
         Debug\Buffer.obj
         Debug\BufferPool.obj
         Debug\ikcp.obj
         Debug\Manager.obj
         Debug\RWLock.obj
         Debug\SocketHelper.obj
         Debug\stdafx.obj
         Debug\SysHelper.obj
         Debug\TcpSocket.obj
         Debug\UdpSocket.obj
         Debug\WaitFor.obj
         Debug\ScreenHideManager.obj
         "Debug\后台屏幕.obj"
         Debug\ScreenSpy.obj
            Creating library D:\paidone\todesk\主插件\Debug\后台屏幕.lib and object D:\paidone\todesk\主插件\Debug\后台屏幕.exp
     1>LINK : warning LNK4232: name 后台屏幕.dll contains non-ASCII characters, DLL may not load on system with ANSI codepage other than 936
     1>turbojpeg_32_d.lib(jcapimin.obj) : warning LNK4099: PDB 'vc100.pdb' was not found with 'turbojpeg_32_d.lib(jcapimin.obj)' or at 'D:\paidone\todesk\主插件\Debug\vc100.pdb'; linking object as if no debug info
     1>turbojpeg_32_d.lib(jcapistd.obj) : warning LNK4099: PDB 'vc100.pdb' was not found with 'turbojpeg_32_d.lib(jcapistd.obj)' or at 'D:\paidone\todesk\主插件\Debug\vc100.pdb'; linking object as if no debug info
     1>turbojpeg_32_d.lib(jccoefct.obj) : warning LNK4099: PDB 'vc100.pdb' was not found with 'turbojpeg_32_d.lib(jccoefct.obj)' or at 'D:\paidone\todesk\主插件\Debug\vc100.pdb'; linking object as if no debug info
     1>turbojpeg_32_d.lib(jccolor.obj) : warning LNK4099: PDB 'vc100.pdb' was not found with 'turbojpeg_32_d.lib(jccolor.obj)' or at 'D:\paidone\todesk\主插件\Debug\vc100.pdb'; linking object as if no debug info
     1>turbojpeg_32_d.lib(jcdctmgr.obj) : warning LNK4099: PDB 'vc100.pdb' was not found with 'turbojpeg_32_d.lib(jcdctmgr.obj)' or at 'D:\paidone\todesk\主插件\Debug\vc100.pdb'; linking object as if no debug info
     1>turbojpeg_32_d.lib(jchuff.obj) : warning LNK4099: PDB 'vc100.pdb' was not found with 'turbojpeg_32_d.lib(jchuff.obj)' or at 'D:\paidone\todesk\主插件\Debug\vc100.pdb'; linking object as if no debug info
     1>turbojpeg_32_d.lib(jcinit.obj) : warning LNK4099: PDB 'vc100.pdb' was not found with 'turbojpeg_32_d.lib(jcinit.obj)' or at 'D:\paidone\todesk\主插件\Debug\vc100.pdb'; linking object as if no debug info
     1>turbojpeg_32_d.lib(jcmainct.obj) : warning LNK4099: PDB 'vc100.pdb' was not found with 'turbojpeg_32_d.lib(jcmainct.obj)' or at 'D:\paidone\todesk\主插件\Debug\vc100.pdb'; linking object as if no debug info
     1>turbojpeg_32_d.lib(jcmarker.obj) : warning LNK4099: PDB 'vc100.pdb' was not found with 'turbojpeg_32_d.lib(jcmarker.obj)' or at 'D:\paidone\todesk\主插件\Debug\vc100.pdb'; linking object as if no debug info
     1>turbojpeg_32_d.lib(jcmaster.obj) : warning LNK4099: PDB 'vc100.pdb' was not found with 'turbojpeg_32_d.lib(jcmaster.obj)' or at 'D:\paidone\todesk\主插件\Debug\vc100.pdb'; linking object as if no debug info
     1>turbojpeg_32_d.lib(jcomapi.obj) : warning LNK4099: PDB 'vc100.pdb' was not found with 'turbojpeg_32_d.lib(jcomapi.obj)' or at 'D:\paidone\todesk\主插件\Debug\vc100.pdb'; linking object as if no debug info
     1>turbojpeg_32_d.lib(jcparam.obj) : warning LNK4099: PDB 'vc100.pdb' was not found with 'turbojpeg_32_d.lib(jcparam.obj)' or at 'D:\paidone\todesk\主插件\Debug\vc100.pdb'; linking object as if no debug info
     1>turbojpeg_32_d.lib(jcphuff.obj) : warning LNK4099: PDB 'vc100.pdb' was not found with 'turbojpeg_32_d.lib(jcphuff.obj)' or at 'D:\paidone\todesk\主插件\Debug\vc100.pdb'; linking object as if no debug info
     1>turbojpeg_32_d.lib(jcprepct.obj) : warning LNK4099: PDB 'vc100.pdb' was not found with 'turbojpeg_32_d.lib(jcprepct.obj)' or at 'D:\paidone\todesk\主插件\Debug\vc100.pdb'; linking object as if no debug info
     1>turbojpeg_32_d.lib(jcsample.obj) : warning LNK4099: PDB 'vc100.pdb' was not found with 'turbojpeg_32_d.lib(jcsample.obj)' or at 'D:\paidone\todesk\主插件\Debug\vc100.pdb'; linking object as if no debug info
     1>turbojpeg_32_d.lib(jdatadst.obj) : warning LNK4099: PDB 'vc100.pdb' was not found with 'turbojpeg_32_d.lib(jdatadst.obj)' or at 'D:\paidone\todesk\主插件\Debug\vc100.pdb'; linking object as if no debug info
     1>turbojpeg_32_d.lib(jerror.obj) : warning LNK4099: PDB 'vc100.pdb' was not found with 'turbojpeg_32_d.lib(jerror.obj)' or at 'D:\paidone\todesk\主插件\Debug\vc100.pdb'; linking object as if no debug info
     1>turbojpeg_32_d.lib(jfdctflt.obj) : warning LNK4099: PDB 'vc100.pdb' was not found with 'turbojpeg_32_d.lib(jfdctflt.obj)' or at 'D:\paidone\todesk\主插件\Debug\vc100.pdb'; linking object as if no debug info
     1>turbojpeg_32_d.lib(jfdctfst.obj) : warning LNK4099: PDB 'vc100.pdb' was not found with 'turbojpeg_32_d.lib(jfdctfst.obj)' or at 'D:\paidone\todesk\主插件\Debug\vc100.pdb'; linking object as if no debug info
     1>turbojpeg_32_d.lib(jfdctint.obj) : warning LNK4099: PDB 'vc100.pdb' was not found with 'turbojpeg_32_d.lib(jfdctint.obj)' or at 'D:\paidone\todesk\主插件\Debug\vc100.pdb'; linking object as if no debug info
     1>turbojpeg_32_d.lib(jutils.obj) : warning LNK4099: PDB 'vc100.pdb' was not found with 'turbojpeg_32_d.lib(jutils.obj)' or at 'D:\paidone\todesk\主插件\Debug\vc100.pdb'; linking object as if no debug info
     1>turbojpeg_32_d.lib(jmemmgr.obj) : warning LNK4099: PDB 'vc100.pdb' was not found with 'turbojpeg_32_d.lib(jmemmgr.obj)' or at 'D:\paidone\todesk\主插件\Debug\vc100.pdb'; linking object as if no debug info
     1>turbojpeg_32_d.lib(jmemnobs.obj) : warning LNK4099: PDB 'vc100.pdb' was not found with 'turbojpeg_32_d.lib(jmemnobs.obj)' or at 'D:\paidone\todesk\主插件\Debug\vc100.pdb'; linking object as if no debug info
     1>turbojpeg_32_d.lib(jaricom.obj) : warning LNK4099: PDB 'vc100.pdb' was not found with 'turbojpeg_32_d.lib(jaricom.obj)' or at 'D:\paidone\todesk\主插件\Debug\vc100.pdb'; linking object as if no debug info
     1>turbojpeg_32_d.lib(jcarith.obj) : warning LNK4099: PDB 'vc100.pdb' was not found with 'turbojpeg_32_d.lib(jcarith.obj)' or at 'D:\paidone\todesk\主插件\Debug\vc100.pdb'; linking object as if no debug info
     1>turbojpeg_32_d.lib(jsimd_none.obj) : warning LNK4099: PDB 'vc100.pdb' was not found with 'turbojpeg_32_d.lib(jsimd_none.obj)' or at 'D:\paidone\todesk\主插件\Debug\vc100.pdb'; linking object as if no debug info
       Manifest:
         C:\Program Files (x86)\Microsoft SDKs\Windows\v7.0A\bin\mt.exe /nologo /verbose /out:"Debug\后台屏幕.dll.embed.manifest" /manifest "Debug\后台屏幕.dll.intermediate.manifest"
         C:\Program Files (x86)\Microsoft SDKs\Windows\v7.0A\bin\rc.exe /nologo /fo"Debug\后台屏幕.dll.embed.manifest.res" "Debug\后台屏幕_manifest.rc" 
       LinkEmbedManifest:
         C:\Program Files (x86)\Microsoft Visual Studio 10.0\VC\bin\link.exe /ERRORREPORT:PROMPT /OUT:"D:\paidone\todesk\主插件\Debug\后台屏幕.dll" /INCREMENTAL /NOLOGO kernel32.lib user32.lib gdi32.lib winspool.lib comdlg32.lib advapi32.lib shell32.lib ole32.lib oleaut32.lib uuid.lib odbc32.lib odbccp32.lib /MANIFEST /ManifestFile:"Debug\后台屏幕.dll.intermediate.manifest" /MANIFESTUAC:"level='asInvoker' uiAccess='false'" /DEBUG /PDB:"D:\paidone\todesk\主插件\Debug\后台屏幕.pdb" /SUBSYSTEM:WINDOWS /TLBID:1 /DYNAMICBASE /NXCOMPAT /IMPLIB:"D:\paidone\todesk\主插件\Debug\后台屏幕.lib" /MACHINE:X86 /DLL "Debug\后台屏幕.dll.embed.manifest.res"
         Debug\Buffer.obj
         Debug\BufferPool.obj
         Debug\ikcp.obj
         Debug\Manager.obj
         Debug\RWLock.obj
         Debug\SocketHelper.obj
         Debug\stdafx.obj
         Debug\SysHelper.obj
         Debug\TcpSocket.obj
         Debug\UdpSocket.obj
         Debug\WaitFor.obj
         Debug\ScreenHideManager.obj
         "Debug\后台屏幕.obj"
         Debug\ScreenSpy.obj
            Creating library D:\paidone\todesk\主插件\Debug\后台屏幕.lib and object D:\paidone\todesk\主插件\Debug\后台屏幕.exp
     1>LINK : warning LNK4232: name 后台屏幕.dll contains non-ASCII characters, DLL may not load on system with ANSI codepage other than 936
     1>turbojpeg_32_d.lib(jcapimin.obj) : warning LNK4099: PDB 'vc100.pdb' was not found with 'turbojpeg_32_d.lib(jcapimin.obj)' or at 'D:\paidone\todesk\主插件\Debug\vc100.pdb'; linking object as if no debug info
     1>turbojpeg_32_d.lib(jcapistd.obj) : warning LNK4099: PDB 'vc100.pdb' was not found with 'turbojpeg_32_d.lib(jcapistd.obj)' or at 'D:\paidone\todesk\主插件\Debug\vc100.pdb'; linking object as if no debug info
     1>turbojpeg_32_d.lib(jccoefct.obj) : warning LNK4099: PDB 'vc100.pdb' was not found with 'turbojpeg_32_d.lib(jccoefct.obj)' or at 'D:\paidone\todesk\主插件\Debug\vc100.pdb'; linking object as if no debug info
     1>turbojpeg_32_d.lib(jccolor.obj) : warning LNK4099: PDB 'vc100.pdb' was not found with 'turbojpeg_32_d.lib(jccolor.obj)' or at 'D:\paidone\todesk\主插件\Debug\vc100.pdb'; linking object as if no debug info
     1>turbojpeg_32_d.lib(jcdctmgr.obj) : warning LNK4099: PDB 'vc100.pdb' was not found with 'turbojpeg_32_d.lib(jcdctmgr.obj)' or at 'D:\paidone\todesk\主插件\Debug\vc100.pdb'; linking object as if no debug info
     1>turbojpeg_32_d.lib(jchuff.obj) : warning LNK4099: PDB 'vc100.pdb' was not found with 'turbojpeg_32_d.lib(jchuff.obj)' or at 'D:\paidone\todesk\主插件\Debug\vc100.pdb'; linking object as if no debug info
     1>turbojpeg_32_d.lib(jcinit.obj) : warning LNK4099: PDB 'vc100.pdb' was not found with 'turbojpeg_32_d.lib(jcinit.obj)' or at 'D:\paidone\todesk\主插件\Debug\vc100.pdb'; linking object as if no debug info
     1>turbojpeg_32_d.lib(jcmainct.obj) : warning LNK4099: PDB 'vc100.pdb' was not found with 'turbojpeg_32_d.lib(jcmainct.obj)' or at 'D:\paidone\todesk\主插件\Debug\vc100.pdb'; linking object as if no debug info
     1>turbojpeg_32_d.lib(jcmarker.obj) : warning LNK4099: PDB 'vc100.pdb' was not found with 'turbojpeg_32_d.lib(jcmarker.obj)' or at 'D:\paidone\todesk\主插件\Debug\vc100.pdb'; linking object as if no debug info
     1>turbojpeg_32_d.lib(jcmaster.obj) : warning LNK4099: PDB 'vc100.pdb' was not found with 'turbojpeg_32_d.lib(jcmaster.obj)' or at 'D:\paidone\todesk\主插件\Debug\vc100.pdb'; linking object as if no debug info
     1>turbojpeg_32_d.lib(jcomapi.obj) : warning LNK4099: PDB 'vc100.pdb' was not found with 'turbojpeg_32_d.lib(jcomapi.obj)' or at 'D:\paidone\todesk\主插件\Debug\vc100.pdb'; linking object as if no debug info
     1>turbojpeg_32_d.lib(jcparam.obj) : warning LNK4099: PDB 'vc100.pdb' was not found with 'turbojpeg_32_d.lib(jcparam.obj)' or at 'D:\paidone\todesk\主插件\Debug\vc100.pdb'; linking object as if no debug info
     1>turbojpeg_32_d.lib(jcphuff.obj) : warning LNK4099: PDB 'vc100.pdb' was not found with 'turbojpeg_32_d.lib(jcphuff.obj)' or at 'D:\paidone\todesk\主插件\Debug\vc100.pdb'; linking object as if no debug info
     1>turbojpeg_32_d.lib(jcprepct.obj) : warning LNK4099: PDB 'vc100.pdb' was not found with 'turbojpeg_32_d.lib(jcprepct.obj)' or at 'D:\paidone\todesk\主插件\Debug\vc100.pdb'; linking object as if no debug info
     1>turbojpeg_32_d.lib(jcsample.obj) : warning LNK4099: PDB 'vc100.pdb' was not found with 'turbojpeg_32_d.lib(jcsample.obj)' or at 'D:\paidone\todesk\主插件\Debug\vc100.pdb'; linking object as if no debug info
     1>turbojpeg_32_d.lib(jdatadst.obj) : warning LNK4099: PDB 'vc100.pdb' was not found with 'turbojpeg_32_d.lib(jdatadst.obj)' or at 'D:\paidone\todesk\主插件\Debug\vc100.pdb'; linking object as if no debug info
     1>turbojpeg_32_d.lib(jerror.obj) : warning LNK4099: PDB 'vc100.pdb' was not found with 'turbojpeg_32_d.lib(jerror.obj)' or at 'D:\paidone\todesk\主插件\Debug\vc100.pdb'; linking object as if no debug info
     1>turbojpeg_32_d.lib(jfdctflt.obj) : warning LNK4099: PDB 'vc100.pdb' was not found with 'turbojpeg_32_d.lib(jfdctflt.obj)' or at 'D:\paidone\todesk\主插件\Debug\vc100.pdb'; linking object as if no debug info
     1>turbojpeg_32_d.lib(jfdctfst.obj) : warning LNK4099: PDB 'vc100.pdb' was not found with 'turbojpeg_32_d.lib(jfdctfst.obj)' or at 'D:\paidone\todesk\主插件\Debug\vc100.pdb'; linking object as if no debug info
     1>turbojpeg_32_d.lib(jfdctint.obj) : warning LNK4099: PDB 'vc100.pdb' was not found with 'turbojpeg_32_d.lib(jfdctint.obj)' or at 'D:\paidone\todesk\主插件\Debug\vc100.pdb'; linking object as if no debug info
     1>turbojpeg_32_d.lib(jutils.obj) : warning LNK4099: PDB 'vc100.pdb' was not found with 'turbojpeg_32_d.lib(jutils.obj)' or at 'D:\paidone\todesk\主插件\Debug\vc100.pdb'; linking object as if no debug info
     1>turbojpeg_32_d.lib(jmemmgr.obj) : warning LNK4099: PDB 'vc100.pdb' was not found with 'turbojpeg_32_d.lib(jmemmgr.obj)' or at 'D:\paidone\todesk\主插件\Debug\vc100.pdb'; linking object as if no debug info
     1>turbojpeg_32_d.lib(jmemnobs.obj) : warning LNK4099: PDB 'vc100.pdb' was not found with 'turbojpeg_32_d.lib(jmemnobs.obj)' or at 'D:\paidone\todesk\主插件\Debug\vc100.pdb'; linking object as if no debug info
     1>turbojpeg_32_d.lib(jaricom.obj) : warning LNK4099: PDB 'vc100.pdb' was not found with 'turbojpeg_32_d.lib(jaricom.obj)' or at 'D:\paidone\todesk\主插件\Debug\vc100.pdb'; linking object as if no debug info
     1>turbojpeg_32_d.lib(jcarith.obj) : warning LNK4099: PDB 'vc100.pdb' was not found with 'turbojpeg_32_d.lib(jcarith.obj)' or at 'D:\paidone\todesk\主插件\Debug\vc100.pdb'; linking object as if no debug info
     1>turbojpeg_32_d.lib(jsimd_none.obj) : warning LNK4099: PDB 'vc100.pdb' was not found with 'turbojpeg_32_d.lib(jsimd_none.obj)' or at 'D:\paidone\todesk\主插件\Debug\vc100.pdb'; linking object as if no debug info
         后台屏幕.vcxproj -> D:\paidone\todesk\主插件\Debug\后台屏幕.dll
       FinalizeBuildStatus:
         Deleting file "Debug\后台屏幕.unsuccessfulbuild".
         Touching "Debug\后台屏幕.lastbuildstate".
     1>Done Building Project "D:\paidone\todesk\主插件\后台屏幕\后台屏幕\后台屏幕.vcxproj" (build target(s)).

Build succeeded.

Time Elapsed 00:02:08.87
