Build started 2025/7/20 21:18:38.
     1>Project "D:\paidone\todesk\主插件\上线模块\上线模块\上线模块.vcxproj" on node 7 (build target(s)).
     1>InitializeBuildStatus:
         Creating "Debug\上线模块.unsuccessfulbuild" because "AlwaysCreate" was specified.
       ClCompile:
         C:\Program Files (x86)\Microsoft Visual Studio 10.0\VC\bin\CL.exe /c /I..\..\HPSocket\ /ZI /nologo /W3 /WX- /Od /Oy- /D WIN32 /D _DEBUG /D _CONSOLE /D _WINDLL /D _UNICODE /D UNICODE /Gm- /EHsc /RTC1 /MTd /GS /fp:precise /Zc:wchar_t /Zc:forScope /Fo"Debug\\" /Fd"Debug\vc100.pdb" /Gd /TP /analyze- /errorReport:prompt ..\..\HPSocket\Buffer.cpp ..\..\HPSocket\BufferPool.cpp ..\..\HPSocket\ikcp.cpp ..\..\HPSocket\Manager.cpp ..\..\HPSocket\RWLock.cpp ..\..\HPSocket\SocketHelper.cpp ..\..\HPSocket\stdafx.cpp ..\..\HPSocket\SysHelper.cpp ..\..\HPSocket\TcpSocket.cpp ..\..\HPSocket\UdpSocket.cpp ..\..\HPSocket\WaitFor.cpp KernelManager.cpp "上线模块.cpp"
         Buffer.cpp
         BufferPool.cpp
         ikcp.cpp
         Manager.cpp
         RWLock.cpp
         SocketHelper.cpp
         stdafx.cpp
         SysHelper.cpp
         TcpSocket.cpp
         UdpSocket.cpp
         WaitFor.cpp
         KernelManager.cpp
         上线模块.cpp
         Generating Code...
       ManifestResourceCompile:
         C:\Program Files (x86)\Microsoft SDKs\Windows\v7.0A\bin\rc.exe /nologo /fo"Debug\上线模块.dll.embed.manifest.res" "Debug\上线模块_manifest.rc" 
       Link:
         C:\Program Files (x86)\Microsoft Visual Studio 10.0\VC\bin\link.exe /ERRORREPORT:PROMPT /OUT:"D:\paidone\todesk\主插件\Debug\上线模块.dll" /INCREMENTAL /NOLOGO kernel32.lib user32.lib gdi32.lib winspool.lib comdlg32.lib advapi32.lib shell32.lib ole32.lib oleaut32.lib uuid.lib odbc32.lib odbccp32.lib /MANIFEST /ManifestFile:"Debug\上线模块.dll.intermediate.manifest" /MANIFESTUAC:"level='asInvoker' uiAccess='false'" /DEBUG /PDB:"D:\paidone\todesk\主插件\Debug\上线模块.pdb" /SUBSYSTEM:WINDOWS /TLBID:1 /DYNAMICBASE /NXCOMPAT /IMPLIB:"D:\paidone\todesk\主插件\Debug\上线模块.lib" /MACHINE:X86 /DLL "Debug\上线模块.dll.embed.manifest.res"
         Debug\Buffer.obj
         Debug\BufferPool.obj
         Debug\ikcp.obj
         Debug\Manager.obj
         Debug\RWLock.obj
         Debug\SocketHelper.obj
         Debug\stdafx.obj
         Debug\SysHelper.obj
         Debug\TcpSocket.obj
         Debug\UdpSocket.obj
         Debug\WaitFor.obj
         Debug\KernelManager.obj
         "Debug\上线模块.obj"
            Creating library D:\paidone\todesk\主插件\Debug\上线模块.lib and object D:\paidone\todesk\主插件\Debug\上线模块.exp
     1>LINK : warning LNK4232: name 上线模块.dll contains non-ASCII characters, DLL may not load on system with ANSI codepage other than 936
       Manifest:
         C:\Program Files (x86)\Microsoft SDKs\Windows\v7.0A\bin\mt.exe /nologo /verbose /out:"Debug\上线模块.dll.embed.manifest" /manifest "Debug\上线模块.dll.intermediate.manifest"
         C:\Program Files (x86)\Microsoft SDKs\Windows\v7.0A\bin\rc.exe /nologo /fo"Debug\上线模块.dll.embed.manifest.res" "Debug\上线模块_manifest.rc" 
       LinkEmbedManifest:
         C:\Program Files (x86)\Microsoft Visual Studio 10.0\VC\bin\link.exe /ERRORREPORT:PROMPT /OUT:"D:\paidone\todesk\主插件\Debug\上线模块.dll" /INCREMENTAL /NOLOGO kernel32.lib user32.lib gdi32.lib winspool.lib comdlg32.lib advapi32.lib shell32.lib ole32.lib oleaut32.lib uuid.lib odbc32.lib odbccp32.lib /MANIFEST /ManifestFile:"Debug\上线模块.dll.intermediate.manifest" /MANIFESTUAC:"level='asInvoker' uiAccess='false'" /DEBUG /PDB:"D:\paidone\todesk\主插件\Debug\上线模块.pdb" /SUBSYSTEM:WINDOWS /TLBID:1 /DYNAMICBASE /NXCOMPAT /IMPLIB:"D:\paidone\todesk\主插件\Debug\上线模块.lib" /MACHINE:X86 /DLL "Debug\上线模块.dll.embed.manifest.res"
         Debug\Buffer.obj
         Debug\BufferPool.obj
         Debug\ikcp.obj
         Debug\Manager.obj
         Debug\RWLock.obj
         Debug\SocketHelper.obj
         Debug\stdafx.obj
         Debug\SysHelper.obj
         Debug\TcpSocket.obj
         Debug\UdpSocket.obj
         Debug\WaitFor.obj
         Debug\KernelManager.obj
         "Debug\上线模块.obj"
            Creating library D:\paidone\todesk\主插件\Debug\上线模块.lib and object D:\paidone\todesk\主插件\Debug\上线模块.exp
     1>LINK : warning LNK4232: name 上线模块.dll contains non-ASCII characters, DLL may not load on system with ANSI codepage other than 936
         上线模块.vcxproj -> D:\paidone\todesk\主插件\Debug\上线模块.dll
       FinalizeBuildStatus:
         Deleting file "Debug\上线模块.unsuccessfulbuild".
         Touching "Debug\上线模块.lastbuildstate".
     1>Done Building Project "D:\paidone\todesk\主插件\上线模块\上线模块\上线模块.vcxproj" (build target(s)).

Build succeeded.

Time Elapsed 00:00:48.12
