Build started 2025/7/20 21:17:25.
     1>Project "D:\paidone\todesk\主插件\语音监听\语音监听\语音监听.vcxproj" on node 2 (build target(s)).
     1>InitializeBuildStatus:
         Touching "Debug\语音监听.unsuccessfulbuild".
       ClCompile:
         C:\Program Files (x86)\Microsoft Visual Studio 10.0\VC\bin\CL.exe /c /I..\..\HPSocket\ /ZI /nologo /W3 /WX- /Od /Oy- /D WIN32 /D _DEBUG /D _CONSOLE /D _WINDLL /D _UNICODE /D UNICODE /Gm /EHsc /RTC1 /MTd /GS /fp:precise /Zc:wchar_t /Zc:forScope /Fo"Debug\\" /Fd"Debug\vc100.pdb" /Gd /TP /analyze- /errorReport:prompt ..\..\HPSocket\Buffer.cpp ..\..\HPSocket\BufferPool.cpp ..\..\HPSocket\ikcp.cpp ..\..\HPSocket\Manager.cpp ..\..\HPSocket\RWLock.cpp ..\..\HPSocket\SocketHelper.cpp ..\..\HPSocket\stdafx.cpp ..\..\HPSocket\SysHelper.cpp ..\..\HPSocket\TcpSocket.cpp ..\..\HPSocket\UdpSocket.cpp ..\..\HPSocket\WaitFor.cpp AudioCode.cpp MixIn.cpp MixOut.cpp AudioManager.cpp WaveIn.cpp WaveOut.cpp WavePlayback.cpp WaveRecord.cpp "语音监听.cpp"
         语音监听.cpp
         WaveRecord.cpp
         WavePlayback.cpp
         WaveOut.cpp
         WaveIn.cpp
         AudioManager.cpp
         MixOut.cpp
         MixIn.cpp
         AudioCode.cpp
         WaitFor.cpp
         UdpSocket.cpp
         TcpSocket.cpp
         SysHelper.cpp
         stdafx.cpp
         SocketHelper.cpp
         RWLock.cpp
         Manager.cpp
         ikcp.cpp
         BufferPool.cpp
         Buffer.cpp
         Generating Code...
       ManifestResourceCompile:
         C:\Program Files (x86)\Microsoft SDKs\Windows\v7.0A\bin\rc.exe /nologo /fo"Debug\语音监听.dll.embed.manifest.res" "Debug\语音监听_manifest.rc" 
       Link:
         C:\Program Files (x86)\Microsoft Visual Studio 10.0\VC\bin\link.exe /ERRORREPORT:PROMPT /OUT:"D:\paidone\todesk\主插件\Debug\语音监听.dll" /INCREMENTAL /NOLOGO kernel32.lib user32.lib gdi32.lib winspool.lib comdlg32.lib advapi32.lib shell32.lib ole32.lib oleaut32.lib uuid.lib odbc32.lib odbccp32.lib /MANIFEST /ManifestFile:"Debug\语音监听.dll.intermediate.manifest" /MANIFESTUAC:"level='asInvoker' uiAccess='false'" /DEBUG /PDB:"D:\paidone\todesk\主插件\Debug\语音监听.pdb" /SUBSYSTEM:WINDOWS /TLBID:1 /DYNAMICBASE /NXCOMPAT /IMPLIB:"D:\paidone\todesk\主插件\Debug\语音监听.lib" /MACHINE:X86 /DLL "Debug\语音监听.dll.embed.manifest.res"
         Debug\Buffer.obj
         Debug\BufferPool.obj
         Debug\ikcp.obj
         Debug\Manager.obj
         Debug\RWLock.obj
         Debug\SocketHelper.obj
         Debug\stdafx.obj
         Debug\SysHelper.obj
         Debug\TcpSocket.obj
         Debug\UdpSocket.obj
         Debug\WaitFor.obj
         Debug\AudioCode.obj
         Debug\MixIn.obj
         Debug\MixOut.obj
         Debug\AudioManager.obj
         Debug\WaveIn.obj
         Debug\WaveOut.obj
         Debug\WavePlayback.obj
         Debug\WaveRecord.obj
         "Debug\语音监听.obj"
            Creating library D:\paidone\todesk\主插件\Debug\语音监听.lib and object D:\paidone\todesk\主插件\Debug\语音监听.exp
     1>LINK : warning LNK4232: name 语音监听.dll contains non-ASCII characters, DLL may not load on system with ANSI codepage other than 936
     1>G729a_ud.lib(acelp_ca.obj) : warning LNK4099: PDB 'vc100.pdb' was not found with 'G729a_ud.lib(acelp_ca.obj)' or at 'D:\paidone\todesk\主插件\Debug\vc100.pdb'; linking object as if no debug info
     1>G729a_ud.lib(bits.obj) : warning LNK4099: PDB 'vc100.pdb' was not found with 'G729a_ud.lib(bits.obj)' or at 'D:\paidone\todesk\主插件\Debug\vc100.pdb'; linking object as if no debug info
     1>G729a_ud.lib(codera.obj) : warning LNK4099: PDB 'vc100.pdb' was not found with 'G729a_ud.lib(codera.obj)' or at 'D:\paidone\todesk\主插件\Debug\vc100.pdb'; linking object as if no debug info
     1>G729a_ud.lib(cod_ld8a.obj) : warning LNK4099: PDB 'vc100.pdb' was not found with 'G729a_ud.lib(cod_ld8a.obj)' or at 'D:\paidone\todesk\主插件\Debug\vc100.pdb'; linking object as if no debug info
     1>G729a_ud.lib(cor_func.obj) : warning LNK4099: PDB 'vc100.pdb' was not found with 'G729a_ud.lib(cor_func.obj)' or at 'D:\paidone\todesk\主插件\Debug\vc100.pdb'; linking object as if no debug info
     1>G729a_ud.lib(decodera.obj) : warning LNK4099: PDB 'vc100.pdb' was not found with 'G729a_ud.lib(decodera.obj)' or at 'D:\paidone\todesk\主插件\Debug\vc100.pdb'; linking object as if no debug info
     1>G729a_ud.lib(dec_gain.obj) : warning LNK4099: PDB 'vc100.pdb' was not found with 'G729a_ud.lib(dec_gain.obj)' or at 'D:\paidone\todesk\主插件\Debug\vc100.pdb'; linking object as if no debug info
     1>G729a_ud.lib(dec_lag3.obj) : warning LNK4099: PDB 'vc100.pdb' was not found with 'G729a_ud.lib(dec_lag3.obj)' or at 'D:\paidone\todesk\主插件\Debug\vc100.pdb'; linking object as if no debug info
     1>G729a_ud.lib(dec_ld8a.obj) : warning LNK4099: PDB 'vc100.pdb' was not found with 'G729a_ud.lib(dec_ld8a.obj)' or at 'D:\paidone\todesk\主插件\Debug\vc100.pdb'; linking object as if no debug info
     1>G729a_ud.lib(de_acelp.obj) : warning LNK4099: PDB 'vc100.pdb' was not found with 'G729a_ud.lib(de_acelp.obj)' or at 'D:\paidone\todesk\主插件\Debug\vc100.pdb'; linking object as if no debug info
     1>G729a_ud.lib(filter.obj) : warning LNK4099: PDB 'vc100.pdb' was not found with 'G729a_ud.lib(filter.obj)' or at 'D:\paidone\todesk\主插件\Debug\vc100.pdb'; linking object as if no debug info
     1>G729a_ud.lib(gainpred.obj) : warning LNK4099: PDB 'vc100.pdb' was not found with 'G729a_ud.lib(gainpred.obj)' or at 'D:\paidone\todesk\主插件\Debug\vc100.pdb'; linking object as if no debug info
     1>G729a_ud.lib(lpca.obj) : warning LNK4099: PDB 'vc100.pdb' was not found with 'G729a_ud.lib(lpca.obj)' or at 'D:\paidone\todesk\主插件\Debug\vc100.pdb'; linking object as if no debug info
     1>G729a_ud.lib(lpcfunca.obj) : warning LNK4099: PDB 'vc100.pdb' was not found with 'G729a_ud.lib(lpcfunca.obj)' or at 'D:\paidone\todesk\主插件\Debug\vc100.pdb'; linking object as if no debug info
     1>G729a_ud.lib(lspdec.obj) : warning LNK4099: PDB 'vc100.pdb' was not found with 'G729a_ud.lib(lspdec.obj)' or at 'D:\paidone\todesk\主插件\Debug\vc100.pdb'; linking object as if no debug info
     1>G729a_ud.lib(lspgetq.obj) : warning LNK4099: PDB 'vc100.pdb' was not found with 'G729a_ud.lib(lspgetq.obj)' or at 'D:\paidone\todesk\主插件\Debug\vc100.pdb'; linking object as if no debug info
     1>G729a_ud.lib(pitch_a.obj) : warning LNK4099: PDB 'vc100.pdb' was not found with 'G729a_ud.lib(pitch_a.obj)' or at 'D:\paidone\todesk\主插件\Debug\vc100.pdb'; linking object as if no debug info
     1>G729a_ud.lib(postfila.obj) : warning LNK4099: PDB 'vc100.pdb' was not found with 'G729a_ud.lib(postfila.obj)' or at 'D:\paidone\todesk\主插件\Debug\vc100.pdb'; linking object as if no debug info
     1>G729a_ud.lib(post_pro.obj) : warning LNK4099: PDB 'vc100.pdb' was not found with 'G729a_ud.lib(post_pro.obj)' or at 'D:\paidone\todesk\主插件\Debug\vc100.pdb'; linking object as if no debug info
     1>G729a_ud.lib(pred_lt3.obj) : warning LNK4099: PDB 'vc100.pdb' was not found with 'G729a_ud.lib(pred_lt3.obj)' or at 'D:\paidone\todesk\主插件\Debug\vc100.pdb'; linking object as if no debug info
     1>G729a_ud.lib(pre_proc.obj) : warning LNK4099: PDB 'vc100.pdb' was not found with 'G729a_ud.lib(pre_proc.obj)' or at 'D:\paidone\todesk\主插件\Debug\vc100.pdb'; linking object as if no debug info
     1>G729a_ud.lib(p_parity.obj) : warning LNK4099: PDB 'vc100.pdb' was not found with 'G729a_ud.lib(p_parity.obj)' or at 'D:\paidone\todesk\主插件\Debug\vc100.pdb'; linking object as if no debug info
     1>G729a_ud.lib(qua_gain.obj) : warning LNK4099: PDB 'vc100.pdb' was not found with 'G729a_ud.lib(qua_gain.obj)' or at 'D:\paidone\todesk\主插件\Debug\vc100.pdb'; linking object as if no debug info
     1>G729a_ud.lib(qua_lsp.obj) : warning LNK4099: PDB 'vc100.pdb' was not found with 'G729a_ud.lib(qua_lsp.obj)' or at 'D:\paidone\todesk\主插件\Debug\vc100.pdb'; linking object as if no debug info
     1>G729a_ud.lib(tab_ld8a.obj) : warning LNK4099: PDB 'vc100.pdb' was not found with 'G729a_ud.lib(tab_ld8a.obj)' or at 'D:\paidone\todesk\主插件\Debug\vc100.pdb'; linking object as if no debug info
     1>G729a_ud.lib(taming.obj) : warning LNK4099: PDB 'vc100.pdb' was not found with 'G729a_ud.lib(taming.obj)' or at 'D:\paidone\todesk\主插件\Debug\vc100.pdb'; linking object as if no debug info
     1>G729a_ud.lib(util.obj) : warning LNK4099: PDB 'vc100.pdb' was not found with 'G729a_ud.lib(util.obj)' or at 'D:\paidone\todesk\主插件\Debug\vc100.pdb'; linking object as if no debug info
       Manifest:
         C:\Program Files (x86)\Microsoft SDKs\Windows\v7.0A\bin\mt.exe /nologo /verbose /out:"Debug\语音监听.dll.embed.manifest" /manifest "Debug\语音监听.dll.intermediate.manifest"
         C:\Program Files (x86)\Microsoft SDKs\Windows\v7.0A\bin\rc.exe /nologo /fo"Debug\语音监听.dll.embed.manifest.res" "Debug\语音监听_manifest.rc" 
       LinkEmbedManifest:
         C:\Program Files (x86)\Microsoft Visual Studio 10.0\VC\bin\link.exe /ERRORREPORT:PROMPT /OUT:"D:\paidone\todesk\主插件\Debug\语音监听.dll" /INCREMENTAL /NOLOGO kernel32.lib user32.lib gdi32.lib winspool.lib comdlg32.lib advapi32.lib shell32.lib ole32.lib oleaut32.lib uuid.lib odbc32.lib odbccp32.lib /MANIFEST /ManifestFile:"Debug\语音监听.dll.intermediate.manifest" /MANIFESTUAC:"level='asInvoker' uiAccess='false'" /DEBUG /PDB:"D:\paidone\todesk\主插件\Debug\语音监听.pdb" /SUBSYSTEM:WINDOWS /TLBID:1 /DYNAMICBASE /NXCOMPAT /IMPLIB:"D:\paidone\todesk\主插件\Debug\语音监听.lib" /MACHINE:X86 /DLL "Debug\语音监听.dll.embed.manifest.res"
         Debug\Buffer.obj
         Debug\BufferPool.obj
         Debug\ikcp.obj
         Debug\Manager.obj
         Debug\RWLock.obj
         Debug\SocketHelper.obj
         Debug\stdafx.obj
         Debug\SysHelper.obj
         Debug\TcpSocket.obj
         Debug\UdpSocket.obj
         Debug\WaitFor.obj
         Debug\AudioCode.obj
         Debug\MixIn.obj
         Debug\MixOut.obj
         Debug\AudioManager.obj
         Debug\WaveIn.obj
         Debug\WaveOut.obj
         Debug\WavePlayback.obj
         Debug\WaveRecord.obj
         "Debug\语音监听.obj"
            Creating library D:\paidone\todesk\主插件\Debug\语音监听.lib and object D:\paidone\todesk\主插件\Debug\语音监听.exp
     1>LINK : warning LNK4232: name 语音监听.dll contains non-ASCII characters, DLL may not load on system with ANSI codepage other than 936
     1>G729a_ud.lib(acelp_ca.obj) : warning LNK4099: PDB 'vc100.pdb' was not found with 'G729a_ud.lib(acelp_ca.obj)' or at 'D:\paidone\todesk\主插件\Debug\vc100.pdb'; linking object as if no debug info
     1>G729a_ud.lib(bits.obj) : warning LNK4099: PDB 'vc100.pdb' was not found with 'G729a_ud.lib(bits.obj)' or at 'D:\paidone\todesk\主插件\Debug\vc100.pdb'; linking object as if no debug info
     1>G729a_ud.lib(codera.obj) : warning LNK4099: PDB 'vc100.pdb' was not found with 'G729a_ud.lib(codera.obj)' or at 'D:\paidone\todesk\主插件\Debug\vc100.pdb'; linking object as if no debug info
     1>G729a_ud.lib(cod_ld8a.obj) : warning LNK4099: PDB 'vc100.pdb' was not found with 'G729a_ud.lib(cod_ld8a.obj)' or at 'D:\paidone\todesk\主插件\Debug\vc100.pdb'; linking object as if no debug info
     1>G729a_ud.lib(cor_func.obj) : warning LNK4099: PDB 'vc100.pdb' was not found with 'G729a_ud.lib(cor_func.obj)' or at 'D:\paidone\todesk\主插件\Debug\vc100.pdb'; linking object as if no debug info
     1>G729a_ud.lib(decodera.obj) : warning LNK4099: PDB 'vc100.pdb' was not found with 'G729a_ud.lib(decodera.obj)' or at 'D:\paidone\todesk\主插件\Debug\vc100.pdb'; linking object as if no debug info
     1>G729a_ud.lib(dec_gain.obj) : warning LNK4099: PDB 'vc100.pdb' was not found with 'G729a_ud.lib(dec_gain.obj)' or at 'D:\paidone\todesk\主插件\Debug\vc100.pdb'; linking object as if no debug info
     1>G729a_ud.lib(dec_lag3.obj) : warning LNK4099: PDB 'vc100.pdb' was not found with 'G729a_ud.lib(dec_lag3.obj)' or at 'D:\paidone\todesk\主插件\Debug\vc100.pdb'; linking object as if no debug info
     1>G729a_ud.lib(dec_ld8a.obj) : warning LNK4099: PDB 'vc100.pdb' was not found with 'G729a_ud.lib(dec_ld8a.obj)' or at 'D:\paidone\todesk\主插件\Debug\vc100.pdb'; linking object as if no debug info
     1>G729a_ud.lib(de_acelp.obj) : warning LNK4099: PDB 'vc100.pdb' was not found with 'G729a_ud.lib(de_acelp.obj)' or at 'D:\paidone\todesk\主插件\Debug\vc100.pdb'; linking object as if no debug info
     1>G729a_ud.lib(filter.obj) : warning LNK4099: PDB 'vc100.pdb' was not found with 'G729a_ud.lib(filter.obj)' or at 'D:\paidone\todesk\主插件\Debug\vc100.pdb'; linking object as if no debug info
     1>G729a_ud.lib(gainpred.obj) : warning LNK4099: PDB 'vc100.pdb' was not found with 'G729a_ud.lib(gainpred.obj)' or at 'D:\paidone\todesk\主插件\Debug\vc100.pdb'; linking object as if no debug info
     1>G729a_ud.lib(lpca.obj) : warning LNK4099: PDB 'vc100.pdb' was not found with 'G729a_ud.lib(lpca.obj)' or at 'D:\paidone\todesk\主插件\Debug\vc100.pdb'; linking object as if no debug info
     1>G729a_ud.lib(lpcfunca.obj) : warning LNK4099: PDB 'vc100.pdb' was not found with 'G729a_ud.lib(lpcfunca.obj)' or at 'D:\paidone\todesk\主插件\Debug\vc100.pdb'; linking object as if no debug info
     1>G729a_ud.lib(lspdec.obj) : warning LNK4099: PDB 'vc100.pdb' was not found with 'G729a_ud.lib(lspdec.obj)' or at 'D:\paidone\todesk\主插件\Debug\vc100.pdb'; linking object as if no debug info
     1>G729a_ud.lib(lspgetq.obj) : warning LNK4099: PDB 'vc100.pdb' was not found with 'G729a_ud.lib(lspgetq.obj)' or at 'D:\paidone\todesk\主插件\Debug\vc100.pdb'; linking object as if no debug info
     1>G729a_ud.lib(pitch_a.obj) : warning LNK4099: PDB 'vc100.pdb' was not found with 'G729a_ud.lib(pitch_a.obj)' or at 'D:\paidone\todesk\主插件\Debug\vc100.pdb'; linking object as if no debug info
     1>G729a_ud.lib(postfila.obj) : warning LNK4099: PDB 'vc100.pdb' was not found with 'G729a_ud.lib(postfila.obj)' or at 'D:\paidone\todesk\主插件\Debug\vc100.pdb'; linking object as if no debug info
     1>G729a_ud.lib(post_pro.obj) : warning LNK4099: PDB 'vc100.pdb' was not found with 'G729a_ud.lib(post_pro.obj)' or at 'D:\paidone\todesk\主插件\Debug\vc100.pdb'; linking object as if no debug info
     1>G729a_ud.lib(pred_lt3.obj) : warning LNK4099: PDB 'vc100.pdb' was not found with 'G729a_ud.lib(pred_lt3.obj)' or at 'D:\paidone\todesk\主插件\Debug\vc100.pdb'; linking object as if no debug info
     1>G729a_ud.lib(pre_proc.obj) : warning LNK4099: PDB 'vc100.pdb' was not found with 'G729a_ud.lib(pre_proc.obj)' or at 'D:\paidone\todesk\主插件\Debug\vc100.pdb'; linking object as if no debug info
     1>G729a_ud.lib(p_parity.obj) : warning LNK4099: PDB 'vc100.pdb' was not found with 'G729a_ud.lib(p_parity.obj)' or at 'D:\paidone\todesk\主插件\Debug\vc100.pdb'; linking object as if no debug info
     1>G729a_ud.lib(qua_gain.obj) : warning LNK4099: PDB 'vc100.pdb' was not found with 'G729a_ud.lib(qua_gain.obj)' or at 'D:\paidone\todesk\主插件\Debug\vc100.pdb'; linking object as if no debug info
     1>G729a_ud.lib(qua_lsp.obj) : warning LNK4099: PDB 'vc100.pdb' was not found with 'G729a_ud.lib(qua_lsp.obj)' or at 'D:\paidone\todesk\主插件\Debug\vc100.pdb'; linking object as if no debug info
     1>G729a_ud.lib(tab_ld8a.obj) : warning LNK4099: PDB 'vc100.pdb' was not found with 'G729a_ud.lib(tab_ld8a.obj)' or at 'D:\paidone\todesk\主插件\Debug\vc100.pdb'; linking object as if no debug info
     1>G729a_ud.lib(taming.obj) : warning LNK4099: PDB 'vc100.pdb' was not found with 'G729a_ud.lib(taming.obj)' or at 'D:\paidone\todesk\主插件\Debug\vc100.pdb'; linking object as if no debug info
     1>G729a_ud.lib(util.obj) : warning LNK4099: PDB 'vc100.pdb' was not found with 'G729a_ud.lib(util.obj)' or at 'D:\paidone\todesk\主插件\Debug\vc100.pdb'; linking object as if no debug info
         语音监听.vcxproj -> D:\paidone\todesk\主插件\Debug\语音监听.dll
       FinalizeBuildStatus:
         Deleting file "Debug\语音监听.unsuccessfulbuild".
         Touching "Debug\语音监听.lastbuildstate".
     1>Done Building Project "D:\paidone\todesk\主插件\语音监听\语音监听\语音监听.vcxproj" (build target(s)).

Build succeeded.

Time Elapsed 00:01:56.89
