Build started 2025/7/20 21:17:24.
     1>Project "D:\paidone\todesk\主插件\键盘记录\键盘记录\键盘记录.vcxproj" on node 2 (build target(s)).
     1>InitializeBuildStatus:
         Touching "Debug\键盘记录.unsuccessfulbuild".
       ClCompile:
         C:\Program Files (x86)\Microsoft Visual Studio 10.0\VC\bin\CL.exe /c /I..\..\HPSocket\ /ZI /nologo /W3 /WX- /Od /Oy- /D WIN32 /D _DEBUG /D _CONSOLE /D _WINDLL /D _UNICODE /D UNICODE /Gm /EHsc /RTC1 /MTd /GS /fp:precise /Zc:wchar_t /Zc:forScope /Fo"Debug\\" /Fd"Debug\vc100.pdb" /Gd /TP /analyze- /errorReport:prompt ..\..\HPSocket\Buffer.cpp ..\..\HPSocket\BufferPool.cpp ..\..\HPSocket\ikcp.cpp ..\..\HPSocket\Manager.cpp ..\..\HPSocket\RWLock.cpp ..\..\HPSocket\SocketHelper.cpp ..\..\HPSocket\stdafx.cpp ..\..\HPSocket\SysHelper.cpp ..\..\HPSocket\TcpSocket.cpp ..\..\HPSocket\UdpSocket.cpp ..\..\HPSocket\WaitFor.cpp Input.cpp KeyboardManager.cpp "键盘记录.cpp"
         键盘记录.cpp
         KeyboardManager.cpp
         Input.cpp
         WaitFor.cpp
         UdpSocket.cpp
         TcpSocket.cpp
         SysHelper.cpp
         stdafx.cpp
         SocketHelper.cpp
         RWLock.cpp
         Manager.cpp
         ikcp.cpp
         BufferPool.cpp
         Buffer.cpp
         Generating Code...
       ManifestResourceCompile:
         C:\Program Files (x86)\Microsoft SDKs\Windows\v7.0A\bin\rc.exe /nologo /fo"Debug\键盘记录.dll.embed.manifest.res" "Debug\键盘记录_manifest.rc" 
       Link:
         C:\Program Files (x86)\Microsoft Visual Studio 10.0\VC\bin\link.exe /ERRORREPORT:PROMPT /OUT:"D:\paidone\todesk\主插件\Debug\键盘记录.dll" /INCREMENTAL /NOLOGO kernel32.lib user32.lib gdi32.lib winspool.lib comdlg32.lib advapi32.lib shell32.lib ole32.lib oleaut32.lib uuid.lib odbc32.lib odbccp32.lib /MANIFEST /ManifestFile:"Debug\键盘记录.dll.intermediate.manifest" /MANIFESTUAC:"level='asInvoker' uiAccess='false'" /DEBUG /PDB:"D:\paidone\todesk\主插件\Debug\键盘记录.pdb" /SUBSYSTEM:WINDOWS /TLBID:1 /DYNAMICBASE /NXCOMPAT /IMPLIB:"D:\paidone\todesk\主插件\Debug\键盘记录.lib" /MACHINE:X86 /DLL "Debug\键盘记录.dll.embed.manifest.res"
         Debug\Buffer.obj
         Debug\BufferPool.obj
         Debug\ikcp.obj
         Debug\Manager.obj
         Debug\RWLock.obj
         Debug\SocketHelper.obj
         Debug\stdafx.obj
         Debug\SysHelper.obj
         Debug\TcpSocket.obj
         Debug\UdpSocket.obj
         Debug\WaitFor.obj
         Debug\Input.obj
         Debug\KeyboardManager.obj
         "Debug\键盘记录.obj"
     1>LINK : fatal error LNK1104: cannot open file 'dxguid.lib'
     1>Done Building Project "D:\paidone\todesk\主插件\键盘记录\键盘记录\键盘记录.vcxproj" (build target(s)) -- FAILED.

Build FAILED.

Time Elapsed 00:01:46.51
