D:\PAIDONE\TODESK\主控\DEBUG\TODESK.EXE
D:\paidone\todesk\主控\Debug\todesk.exp
D:\PAIDONE\TODESK\主控\DEBUG\TODESK.ILK
D:\paidone\todesk\主控\Debug\todesk.lib
D:\PAIDONE\TODESK\主控\DEBUG\TODESK.PDB
D:\PAIDONE\TODESK\主控\QUICK\DEBUG\AUDIOCAPTURE.OBJ
D:\PAIDONE\TODESK\主控\QUICK\DEBUG\AUDIOCODE.OBJ
D:\PAIDONE\TODESK\主控\QUICK\DEBUG\AUDIODLG.OBJ
D:\PAIDONE\TODESK\主控\QUICK\DEBUG\AUDIORENDER.OBJ
D:\PAIDONE\TODESK\主控\QUICK\DEBUG\BMPTOAVI.OBJ
D:\PAIDONE\TODESK\主控\QUICK\DEBUG\BMPTOAVIDIF.OBJ
D:\PAIDONE\TODESK\主控\QUICK\DEBUG\BUFFER.OBJ
D:\PAIDONE\TODESK\主控\QUICK\DEBUG\BUILDDLG.OBJ
D:\PAIDONE\TODESK\主控\QUICK\DEBUG\CCREATETASKDLG.OBJ
D:\PAIDONE\TODESK\主控\QUICK\DEBUG\CFILELISTCTRL.OBJ
D:\PAIDONE\TODESK\主控\QUICK\DEBUG\CHANGEGROUPDLG.OBJ
D:\PAIDONE\TODESK\主控\QUICK\DEBUG\CHARTVIEW.OBJ
D:\PAIDONE\TODESK\主控\QUICK\DEBUG\CHAT.OBJ
D:\paidone\todesk\主控\Quick\Debug\cl.command.1.tlog
D:\paidone\todesk\主控\Quick\Debug\CL.read.1.tlog
D:\paidone\todesk\主控\Quick\Debug\CL.write.1.tlog
D:\PAIDONE\TODESK\主控\QUICK\DEBUG\COPYCLIENTDLG.OBJ
D:\PAIDONE\TODESK\主控\QUICK\DEBUG\CTEXTDLG.OBJ
D:\PAIDONE\TODESK\主控\QUICK\DEBUG\DDOSATTACKDLG.OBJ
D:\PAIDONE\TODESK\主控\QUICK\DEBUG\DIFSCREENSPYDLG.OBJ
D:\PAIDONE\TODESK\主控\QUICK\DEBUG\DLLTOSHELLCODE.OBJ
D:\PAIDONE\TODESK\主控\QUICK\DEBUG\EXPANDDLG.OBJ
D:\PAIDONE\TODESK\主控\QUICK\DEBUG\FILEMANAGERDLG.OBJ
D:\PAIDONE\TODESK\主控\QUICK\DEBUG\FILETRANSFERMODEDLG.OBJ
D:\PAIDONE\TODESK\主控\QUICK\DEBUG\FLOWATTACKDLG.OBJ
D:\PAIDONE\TODESK\主控\QUICK\DEBUG\H264SCREENSPYDLG.OBJ
D:\PAIDONE\TODESK\主控\QUICK\DEBUG\HIDESCREENSPYDLG.OBJ
D:\PAIDONE\TODESK\主控\QUICK\DEBUG\HPTCPSERVER.OBJ
D:\PAIDONE\TODESK\主控\QUICK\DEBUG\HPUDPSERVER.OBJ
D:\PAIDONE\TODESK\主控\QUICK\DEBUG\INJECTCODEDLG.OBJ
D:\PAIDONE\TODESK\主控\QUICK\DEBUG\INPUTDLG.OBJ
D:\PAIDONE\TODESK\主控\QUICK\DEBUG\IPC.OBJ
D:\PAIDONE\TODESK\主控\QUICK\DEBUG\ISOCKETBASE.OBJ
D:\PAIDONE\TODESK\主控\QUICK\DEBUG\KERNELDLG.OBJ
D:\PAIDONE\TODESK\主控\QUICK\DEBUG\KEYBOARDDLG.OBJ
D:\PAIDONE\TODESK\主控\QUICK\DEBUG\LFILENAME.OBJ
D:\paidone\todesk\主控\Quick\Debug\link.command.1.tlog
D:\paidone\todesk\主控\Quick\Debug\link.read.1.tlog
D:\paidone\todesk\主控\Quick\Debug\link.write.1.tlog
D:\paidone\todesk\主控\Quick\Debug\link-cvtres.read.1.tlog
D:\paidone\todesk\主控\Quick\Debug\link-cvtres.write.1.tlog
D:\PAIDONE\TODESK\主控\QUICK\DEBUG\LOCALUPLOAD.OBJ
D:\PAIDONE\TODESK\主控\QUICK\DEBUG\LOCKDLG.OBJ
D:\PAIDONE\TODESK\主控\QUICK\DEBUG\LOGIN.OBJ
D:\PAIDONE\TODESK\主控\QUICK\DEBUG\LOGVIEW.OBJ
D:\PAIDONE\TODESK\主控\QUICK\DEBUG\MACHINEDLG.OBJ
D:\PAIDONE\TODESK\主控\QUICK\DEBUG\MAINFRM.OBJ
D:\PAIDONE\TODESK\主控\QUICK\DEBUG\MD5.OBJ
D:\PAIDONE\TODESK\主控\QUICK\DEBUG\MEMORYMODULE.OBJ
D:\PAIDONE\TODESK\主控\QUICK\DEBUG\MOVIEMAKER.OBJ
D:\paidone\todesk\主控\Quick\Debug\mt.command.1.tlog
D:\paidone\todesk\主控\Quick\Debug\mt.read.1.tlog
D:\paidone\todesk\主控\Quick\Debug\mt.write.1.tlog
D:\PAIDONE\TODESK\主控\QUICK\DEBUG\PLUGVIEW.OBJ
D:\PAIDONE\TODESK\主控\QUICK\DEBUG\PROXYCONNECTSERVER.OBJ
D:\PAIDONE\TODESK\主控\QUICK\DEBUG\PROXYMAPDLG.OBJ
D:\PAIDONE\TODESK\主控\QUICK\DEBUG\QUICK.OBJ
D:\PAIDONE\TODESK\主控\QUICK\DEBUG\QUICK.RES
D:\paidone\todesk\主控\Quick\Debug\Quick.vcxprojResolveAssemblyReference.cache
D:\PAIDONE\TODESK\主控\QUICK\DEBUG\QUICKDOC.OBJ
D:\PAIDONE\TODESK\主控\QUICK\DEBUG\QUICKSCREENSPYDLG.OBJ
D:\PAIDONE\TODESK\主控\QUICK\DEBUG\QUICKVIEW.OBJ
D:\paidone\todesk\主控\Quick\Debug\rc.command.1.tlog
D:\paidone\todesk\主控\Quick\Debug\rc.read.1.tlog
D:\paidone\todesk\主控\Quick\Debug\rc.write.1.tlog
D:\PAIDONE\TODESK\主控\QUICK\DEBUG\REGEDITDLG.OBJ
D:\PAIDONE\TODESK\主控\QUICK\DEBUG\REGEDITTEXTDLG.OBJ
D:\PAIDONE\TODESK\主控\QUICK\DEBUG\SCREENMONITORDLG.OBJ
D:\PAIDONE\TODESK\主控\QUICK\DEBUG\SERVICEINFODLG.OBJ
D:\PAIDONE\TODESK\主控\QUICK\DEBUG\SEU_QQWRY.OBJ
D:\PAIDONE\TODESK\主控\QUICK\DEBUG\SHELLDLG.OBJ
D:\PAIDONE\TODESK\主控\QUICK\DEBUG\SOUNDTOWAV.H.OBJ
D:\PAIDONE\TODESK\主控\QUICK\DEBUG\SPEAKERDLG.OBJ
D:\PAIDONE\TODESK\主控\QUICK\DEBUG\STDAFX.OBJ
D:\PAIDONE\TODESK\主控\QUICK\DEBUG\TABVIEW.OBJ
D:\PAIDONE\TODESK\主控\QUICK\DEBUG\TIPCTRL.OBJ
D:\PAIDONE\TODESK\主控\QUICK\DEBUG\TIPFILECTRL.OBJ
D:\PAIDONE\TODESK\主控\QUICK\DEBUG\TKYLOCKRW.OBJ
D:\PAIDONE\TODESK\主控\QUICK\DEBUG\TODESK.EXE.EMBED.MANIFEST
D:\PAIDONE\TODESK\主控\QUICK\DEBUG\TODESK.EXE.EMBED.MANIFEST.RES
D:\PAIDONE\TODESK\主控\QUICK\DEBUG\TODESK.EXE.INTERMEDIATE.MANIFEST
D:\PAIDONE\TODESK\主控\QUICK\DEBUG\TODESK.PCH
D:\paidone\todesk\主控\Quick\Debug\todesk.write.1.tlog
D:\paidone\todesk\主控\Quick\Debug\todesk_manifest.rc
D:\paidone\todesk\主控\Quick\Debug\vc100.idb
D:\PAIDONE\TODESK\主控\QUICK\DEBUG\VC100.PDB
D:\PAIDONE\TODESK\主控\QUICK\DEBUG\WAVEIN.OBJ
D:\PAIDONE\TODESK\主控\QUICK\DEBUG\WAVEOUT.OBJ
D:\PAIDONE\TODESK\主控\QUICK\DEBUG\WAVEPLAYBACK.OBJ
D:\PAIDONE\TODESK\主控\QUICK\DEBUG\WAVERECORD.OBJ
D:\PAIDONE\TODESK\主控\QUICK\DEBUG\WEBATTACKDLG.OBJ
D:\PAIDONE\TODESK\主控\QUICK\DEBUG\WEBCAMDLG.OBJ
D:\PAIDONE\TODESK\主控\QUICK\DEBUG\XVIDDEC.OBJ
