Build started 2025/7/20 21:22:46.
     1>Project "D:\paidone\todesk\主插件\驱动插件\驱动插件\驱动插件.vcxproj" on node 2 (build target(s)).
     1>InitializeBuildStatus:
         Creating "x64\Release\驱动插件.unsuccessfulbuild" because "AlwaysCreate" was specified.
       ClCompile:
         C:\Program Files (x86)\Microsoft Visual Studio 10.0\VC\bin\x86_amd64\CL.exe /c /I..\..\HPSocket\ /Zi /nologo /W3 /WX- /O2 /Oi /GL /D WIN32 /D NDEBUG /D _CONSOLE /D _WINDLL /D _UNICODE /D UNICODE /Gm- /EHsc /MT /GS /Gy /fp:precise /Zc:wchar_t /Zc:forScope /Fo"x64\Release\\" /Fd"x64\Release\vc100.pdb" /Gd /TP /errorReport:prompt ..\..\HPSocket\Buffer.cpp ..\..\HPSocket\BufferPool.cpp ..\..\HPSocket\ikcp.cpp ..\..\HPSocket\Manager.cpp ..\..\HPSocket\RWLock.cpp ..\..\HPSocket\SocketHelper.cpp ..\..\HPSocket\stdafx.cpp ..\..\HPSocket\SysHelper.cpp ..\..\HPSocket\TcpSocket.cpp ..\..\HPSocket\UdpSocket.cpp ..\..\HPSocket\WaitFor.cpp CloseNet.cpp HiddenLib.cpp KernrlManager.cpp "驱动插件.cpp"
         Buffer.cpp
         BufferPool.cpp
         ikcp.cpp
         Manager.cpp
         RWLock.cpp
         SocketHelper.cpp
         stdafx.cpp
         SysHelper.cpp
         TcpSocket.cpp
         UdpSocket.cpp
         WaitFor.cpp
         CloseNet.cpp
     1>CloseNet.cpp(66): warning C4101: 'oldProtection2' : unreferenced local variable
     1>CloseNet.cpp(66): warning C4101: 'oldProtection' : unreferenced local variable
     1>CloseNet.cpp(77): warning C4101: 'oldProtection2' : unreferenced local variable
     1>CloseNet.cpp(77): warning C4101: 'oldProtection' : unreferenced local variable
     1>CloseNet.cpp(339): warning C4309: 'initializing' : truncation of constant value
     1>CloseNet.cpp(339): warning C4309: 'initializing' : truncation of constant value
     1>CloseNet.cpp(339): warning C4309: 'initializing' : truncation of constant value
     1>CloseNet.cpp(339): warning C4309: 'initializing' : truncation of constant value
     1>CloseNet.cpp(339): warning C4309: 'initializing' : truncation of constant value
     1>CloseNet.cpp(437): warning C4244: '=' : conversion from 'unsigned __int64' to 'DWORD', possible loss of data
         HiddenLib.cpp
     1>HiddenLib.cpp(166): warning C4482: nonstandard extension used: enum 'HidRegRootTypes' used in qualified name
     1>HiddenLib.cpp(195): warning C4482: nonstandard extension used: enum 'HidRegRootTypes' used in qualified name
     1>HiddenLib.cpp(206): warning C4482: nonstandard extension used: enum 'HidRegRootTypes' used in qualified name
     1>HiddenLib.cpp(289): warning C4482: nonstandard extension used: enum 'HidActiveState' used in qualified name
     1>HiddenLib.cpp(289): warning C4482: nonstandard extension used: enum 'HidActiveState' used in qualified name
     1>HiddenLib.cpp(299): warning C4482: nonstandard extension used: enum 'HidActiveState' used in qualified name
     1>HiddenLib.cpp(526): warning C4482: nonstandard extension used: enum 'HidActiveState' used in qualified name
     1>HiddenLib.cpp(526): warning C4482: nonstandard extension used: enum 'HidActiveState' used in qualified name
     1>HiddenLib.cpp(540): warning C4482: nonstandard extension used: enum 'HidActiveState' used in qualified name
     1>HiddenLib.cpp(720): warning C4482: nonstandard extension used: enum 'HidActiveState' used in qualified name
     1>HiddenLib.cpp(725): warning C4482: nonstandard extension used: enum 'HidActiveState' used in qualified name
     1>HiddenLib.cpp(725): warning C4482: nonstandard extension used: enum 'HidPsInheritTypes' used in qualified name
     1>HiddenLib.cpp(762): warning C4482: nonstandard extension used: enum 'HidActiveState' used in qualified name
     1>HiddenLib.cpp(767): warning C4482: nonstandard extension used: enum 'HidActiveState' used in qualified name
     1>HiddenLib.cpp(767): warning C4482: nonstandard extension used: enum 'HidPsInheritTypes' used in qualified name
     1>HiddenLib.cpp(807): warning C4482: nonstandard extension used: enum 'HidActiveState' used in qualified name
     1>HiddenLib.cpp(812): warning C4482: nonstandard extension used: enum 'HidActiveState' used in qualified name
     1>HiddenLib.cpp(812): warning C4482: nonstandard extension used: enum 'HidPsInheritTypes' used in qualified name
     1>HiddenLib.cpp(833): warning C4101: 'status' : unreferenced local variable
     1>HiddenLib.cpp(856): warning C4101: 'status' : unreferenced local variable
         KernrlManager.cpp
     1>KernrlManager.cpp(286): warning C4482: nonstandard extension used: enum 'HidActiveState' used in qualified name
     1>KernrlManager.cpp(305): warning C4482: nonstandard extension used: enum 'HidActiveState' used in qualified name
     1>KernrlManager.cpp(305): warning C4482: nonstandard extension used: enum 'HidActiveState' used in qualified name
     1>KernrlManager.cpp(358): warning C4482: nonstandard extension used: enum 'HidRegRootTypes' used in qualified name
     1>KernrlManager.cpp(360): warning C4482: nonstandard extension used: enum 'HidRegRootTypes' used in qualified name
     1>KernrlManager.cpp(362): warning C4482: nonstandard extension used: enum 'HidRegRootTypes' used in qualified name
         驱动插件.cpp
       Link:
         C:\Program Files (x86)\Microsoft Visual Studio 10.0\VC\bin\x86_amd64\link.exe /ERRORREPORT:PROMPT /OUT:"D:\paidone\todesk\主插件\x64\Release\驱动插件.dll" /INCREMENTAL:NO /NOLOGO kernel32.lib user32.lib gdi32.lib winspool.lib comdlg32.lib advapi32.lib shell32.lib ole32.lib oleaut32.lib uuid.lib odbc32.lib odbccp32.lib /MANIFEST /ManifestFile:"x64\Release\驱动插件.dll.intermediate.manifest" /MANIFESTUAC:"level='asInvoker' uiAccess='false'" /PDB:"D:\paidone\todesk\主插件\x64\Release\驱动插件.pdb" /SUBSYSTEM:WINDOWS /OPT:REF /OPT:ICF /LTCG /TLBID:1 /DYNAMICBASE /NXCOMPAT /IMPLIB:"D:\paidone\todesk\主插件\x64\Release\驱动插件.lib" /MACHINE:X64 /DLL x64\Release\Buffer.obj
         x64\Release\BufferPool.obj
         x64\Release\ikcp.obj
         x64\Release\Manager.obj
         x64\Release\RWLock.obj
         x64\Release\SocketHelper.obj
         x64\Release\stdafx.obj
         x64\Release\SysHelper.obj
         x64\Release\TcpSocket.obj
         x64\Release\UdpSocket.obj
         x64\Release\WaitFor.obj
         x64\Release\CloseNet.obj
         x64\Release\HiddenLib.obj
         x64\Release\KernrlManager.obj
         "x64\Release\驱动插件.obj"
            Creating library D:\paidone\todesk\主插件\x64\Release\驱动插件.lib and object D:\paidone\todesk\主插件\x64\Release\驱动插件.exp
     1>LINK : warning LNK4232: name 驱动插件.dll contains non-ASCII characters, DLL may not load on system with ANSI codepage other than 936
         Generating code
         Finished generating code
         驱动插件.vcxproj -> D:\paidone\todesk\主插件\x64\Release\驱动插件.dll
       Manifest:
         C:\Program Files (x86)\Microsoft SDKs\Windows\v7.0A\bin\mt.exe /nologo /verbose /outputresource:"D:\paidone\todesk\主插件\x64\Release\驱动插件.dll;#2" /manifest "x64\Release\驱动插件.dll.intermediate.manifest"
       FinalizeBuildStatus:
         Deleting file "x64\Release\驱动插件.unsuccessfulbuild".
         Touching "x64\Release\驱动插件.lastbuildstate".
     1>Done Building Project "D:\paidone\todesk\主插件\驱动插件\驱动插件\驱动插件.vcxproj" (build target(s)).

Build succeeded.

Time Elapsed 00:00:53.97
